<?xml version="1.0" encoding="UTF-8"?>
<beans default-autowire="byName"
	xmlns="http://www.springframework.org/schema/beans" xmlns:xsi="http://www.w3.org/2001/XMLSchema-instance"
	xmlns:context="http://www.springframework.org/schema/context"
	xmlns:aop="http://www.springframework.org/schema/aop" xmlns:jee="http://www.springframework.org/schema/jee"
	xmlns:task="http://www.springframework.org/schema/task" xmlns:util="http://www.springframework.org/schema/util"
	xmlns:tx="http://www.springframework.org/schema/tx"
	xsi:schemaLocation="http://www.springframework.org/schema/beans http://www.springframework.org/schema/beans/spring-beans-3.1.xsd
       http://www.springframework.org/schema/util http://www.springframework.org/schema/util/spring-util-3.1.xsd
       http://www.springframework.org/schema/jee http://www.springframework.org/schema/jee/spring-jee-3.1.xsd
       http://www.springframework.org/schema/aop http://www.springframework.org/schema/aop/spring-aop-3.1.xsd
       http://www.springframework.org/schema/tx http://www.springframework.org/schema/tx/spring-tx-3.1.xsd
       http://www.springframework.org/schema/context http://www.springframework.org/schema/context/spring-context-3.1.xsd
       http://www.springframework.org/schema/task http://www.springframework.org/schema/task/spring-task-3.1.xsd">

	<aop:aspectj-autoproxy />
	<context:property-placeholder
		location="classpath:testapp.properties"
		ignore-unresolvable="true" />
	<tx:annotation-driven transaction-manager="transactionManager" />
	
	<tx:advice id="txAdvise" transaction-manager="transactionManager">
		<tx:attributes>
			<tx:method name="*" />
		</tx:attributes>
	</tx:advice>

	<context:component-scan base-package="com.console.persistence" />
	
	<bean id="jpaDialect" class="org.springframework.orm.jpa.vendor.HibernateJpaDialect" />

	<bean id="loadTimeWeaver"
		class="org.springframework.instrument.classloading.InstrumentationLoadTimeWeaver" />

	<bean id="jpaVendorAdapter"

	<util:list id="testCases">
		<ref bean="assetEntityCase" />

	</util:list>


	
</beans>
